/var/www/hosts/agid.devel.demotestwip.it/refactor/backend/config/test.php
/var/www/hosts/agid.devel.demotestwip.it/refactor/backend/config/components-amos.php
/var/www/hosts/agid.devel.demotestwip.it/refactor/backend/config/main-local.php
/var/www/hosts/agid.devel.demotestwip.it/refactor/backend/config/translator.php
/var/www/hosts/agid.devel.demotestwip.it/refactor/backend/config/components-others.php
/var/www/hosts/agid.devel.demotestwip.it/refactor/backend/config/params-local.php
/var/www/hosts/agid.devel.demotestwip.it/refactor/backend/config/params.php
/var/www/hosts/agid.devel.demotestwip.it/refactor/backend/config/modules-amos.php
/var/www/hosts/agid.devel.demotestwip.it/refactor/backend/config/bootstrap.php
/var/www/hosts/agid.devel.demotestwip.it/refactor/backend/config/main.php
/var/www/hosts/agid.devel.demotestwip.it/refactor/backend/config/test-local.php
/var/www/hosts/agid.devel.demotestwip.it/refactor/backend/config/modules-others.php
/var/www/hosts/agid.devel.demotestwip.it/refactor/common/config/test.php
/var/www/hosts/agid.devel.demotestwip.it/refactor/common/config/components-amos.php
/var/www/hosts/agid.devel.demotestwip.it/refactor/common/config/main-local.php
/var/www/hosts/agid.devel.demotestwip.it/refactor/common/config/components-others.php
/var/www/hosts/agid.devel.demotestwip.it/refactor/common/config/params-local.php
/var/www/hosts/agid.devel.demotestwip.it/refactor/common/config/bootstrap-extra.php
/var/www/hosts/agid.devel.demotestwip.it/refactor/common/config/params.php
/var/www/hosts/agid.devel.demotestwip.it/refactor/common/config/modules-amos.php
/var/www/hosts/agid.devel.demotestwip.it/refactor/common/config/bootstrap.php
/var/www/hosts/agid.devel.demotestwip.it/refactor/common/config/main.php
/var/www/hosts/agid.devel.demotestwip.it/refactor/common/config/test-local.php
/var/www/hosts/agid.devel.demotestwip.it/refactor/common/config/modules-others.php
/var/www/hosts/agid.devel.demotestwip.it/refactor/console/config/migrations-others.php
/var/www/hosts/agid.devel.demotestwip.it/refactor/console/config/components-amos.php
/var/www/hosts/agid.devel.demotestwip.it/refactor/console/config/main-local.php
/var/www/hosts/agid.devel.demotestwip.it/refactor/console/config/migrations-amos.php
/var/www/hosts/agid.devel.demotestwip.it/refactor/console/config/components-others.php
/var/www/hosts/agid.devel.demotestwip.it/refactor/console/config/params-local.php
/var/www/hosts/agid.devel.demotestwip.it/refactor/console/config/params.php
/var/www/hosts/agid.devel.demotestwip.it/refactor/console/config/modules-amos.php
/var/www/hosts/agid.devel.demotestwip.it/refactor/console/config/bootstrap.php
/var/www/hosts/agid.devel.demotestwip.it/refactor/console/config/main.php
/var/www/hosts/agid.devel.demotestwip.it/refactor/console/config/modules-others.php
/var/www/hosts/agid.devel.demotestwip.it/refactor/frontend/config/test.php
/var/www/hosts/agid.devel.demotestwip.it/refactor/frontend/config/components-amos.php
/var/www/hosts/agid.devel.demotestwip.it/refactor/frontend/config/main-local.php
/var/www/hosts/agid.devel.demotestwip.it/refactor/frontend/config/components-others.php
/var/www/hosts/agid.devel.demotestwip.it/refactor/frontend/config/params-local.php
/var/www/hosts/agid.devel.demotestwip.it/refactor/frontend/config/params.php
/var/www/hosts/agid.devel.demotestwip.it/refactor/frontend/config/modules-amos.php
/var/www/hosts/agid.devel.demotestwip.it/refactor/frontend/config/bootstrap.php
/var/www/hosts/agid.devel.demotestwip.it/refactor/frontend/config/main.php
/var/www/hosts/agid.devel.demotestwip.it/refactor/frontend/config/test-local.php
/var/www/hosts/agid.devel.demotestwip.it/refactor/frontend/config/modules-others.php
